89
8
48
12
61
3
9
73
32
58
8
71
95
84
27
40
83
2
95
66
99
86
15
39
65
33
31
16
80
43
100
45
14
82
46
48
57
53
51
21
94
95
43
94
64
89
82
17
20
93
28
49
57
7
22
15
20
6
82
30
44
49
88
95
9
6
8
88
54
13
54
3
63
30
15
3
27
31
88
92
74
34
10
94
5
9
15
82
85
79
58
31
26
30
29
78
60
81
22
62
72
16
79
95
94
41
24
62
59
32
68
76
99
81
35
27
71
37
38
31
28
3
71
29
30
33
5
27
24
73
30
53
32
50
9
47
79
100
18
97
98
49
57
27
77
62
91
40
7
95
89
55
49
88
64
99
48
100
62
95
2
39
76
73
19
86
20
21
100
64
91
50
16
71
39
19
25
94
66
15
51
14
36
71
70
85
84
92
51
96
8
58
40
73
99
98
31
17
88
13
74
30
72
89
13
42
93
98
66
22
69
28
28
5
87
58
46
91
23
55
6
9
54
27
33
93
59
15
47
61
39
32
17
59
77
5
28
43
90
61
9
16
13
49
90
57
83
40
45
21
36
23
25
6
84
21
11
22
81
40
63
32
60
13
76
19
9
95
56
47
37
48
1
61
39
51
85
80
78
52
91
96
82
75
89
12
2
68
63
99
64
44
17
99
77
59
51
38
87
77
71
93
19
64
4
78
32
85
31
77
61
6
46
92
28
95
97
40
8
95
44
66
58
53
87
4
39
62
57
17
58
23
12
13
39
55
65
1
98
4
96
74
48
11
88
17
91
77
44
15
60
17
20
7
10
7
85
96
100
30
96
97
51
80
65
97
99
32
48
95
66
65
17
60
75
39
47
17
92
9
81
84
64
77
18
97
5
30
50
58
100
50
3
76
73
23
25
91
76
4
30
88
22
75
16
86
7
15
98
41
41
27
27
21
72
2
45
49
17
40
11
6
86
55
46
31
43
35
62
48
16
1
66
91
1
63
70
57
57
32
12
85
33
67
70
27
88
26
70
33
29
50
82
51
76
89
14
83
70
41
36
1
60
88
96
90
63
99
100
4
59
42
59
67
85
83
50
8
66
9
37
34
51
75
99
92
73
40
82
58
3
82
98
17
54
21
38
84
60
11
11
4
36
21
20
11
62
91
96
27
44
68
72
9
72
81
77
47
100
2
20
73
58
43
62
44
18
24
72
51
34
73
33
69
39
60
51
74
70
28
34
88
51
95
91
78
35
60
40
99
3
84
56
60
57
69
23
74
38
60
74
64
46
49
71
8
38
57
75
12
19
38
63
57
53
5
27
48
35
45
35
99
47
11
49
90
20
57
78
10
62
94
95
94
30
19
14
86
12
9
38
49
13
75
15
15
63
53
3
4
35
63
38
98
35
19
1
91
72
42
45
10
59
74
14
86
7
82
29
44
73
97
65
12
98
77
75
68
79
6
54
30
55
3
59
29
65
16
70
12
55
95
91
31
26
81
51
10
43
94
30
94
70
49
23
80
69
69
48
31
3
62
21
86
18
4
6
20
8
39
72
99
93
98
9
39
32
35
4
12
29
60
81
32
19
29
78
1
63
68
89
79
56
7
22
3
19
75
5
96
70
72
26
48
39
9
66
3
71
48
96
60
67
62
82
49
50
38
13
44
22
45
66
79
64
10
74
83
46
91
18
17
8
69
34
6
99
49
97
26
59
8
100
18
87
27
56
32
66
60
51
17
98
82
12
2
83
16
51
41
45
8
76
89
18
98
80
40
28
56
9
30
14
76
19
6
55
49
40
37
97
80
84
56
12
88
9
14
23
89
59
19
43
5
54
80
54
25
25
50
79
72
92
52
2
64
34
36
44
33
74
5
7
56
56
6
22
94
81
11
51
25
31
32
18
14
50
27
59
30
67
71
26
26
75
28
10
43
86
97
66
73
29
54
22
65
33
3
56
29
5
48
90
43
41
32
90
4
7
7
23
80
100
14
76
57
92
7
20
69
93
22
24
30
21
85
5
76
94
81
45
72
76
96
97
48
9
66
76
41
63
73
71
66
50
40
19
10
8
13
100
91
76
15
56
16
93
40
39
77
87
31
43
34
22
8
44
98
94
81
53
35
68
63
16
39
78
79
29
36
7
21
91
59
74
3
54
13
38
87
15
23
4
91
89
95
55
51
38
2
49
83
61
40
18
76
41
27
97
74
4
71
9
17
18
47
100
56
12
41
43
79
37
13
15
83
9
18
2
31
27
39
36
81
88
80
36
5
35
14
