892
466
247
447
906
839
629
950
23
773
401
856
643
635
614
703
151
719
176
411
207
715
908
509
613
766
982
972
536
932
868
366
441
51
362
759
461
213
554
321
523
262
574
81
262
746
135
439
396
732
743
968
310
107
62
177
644
345
436
100
349
257
467
31
930
483
269
277
563
501
400
445
972
192
411
439
373
757
190
243
750
191
902
988
225
225
607
667
910
775
927
206
104
360
392
287
784
516
290
730
52
777
828
856
670
108
262
771
592
807
273
65
837
134
100
139
903
897
600
323
309
223
558
171
197
670
213
433
840
787
583
511
259
874
141
383
231
392
817
800
179
62
258
562
990
423
344
177
97
302
594
642
102
750
27
676
646
719
123
115
620
596
873
461
365
981
420
426
624
619
45
120
149
370
960
346
623
840
208
162
265
796
459
780
171
58
327
489
722
959
592
234
533
98
562
779
554
361
387
133
476
550
672
997
414
749
957
294
858
381
962
81
416
582
723
217
997
570
127
840
739
31
928
161
818
53
689
380
193
842
132
880
513
500
272
979
469
755
744
678
350
187
821
170
584
494
697
174
346
934
27
78
229
170
50
422
808
263
252
351
399
707
440
153
154
631
457
472
570
361
928
248
550
852
665
216
190
982
97
265
883
11
445
721
810
368
103
216
622
125
800
5
221
635
30
168
794
441
479
114
699
58
297
419
341
247
462
541
561
737
44
487
80
819
700
801
211
77
540
290
944
558
342
704
374
800
986
766
129
100
948
193
676
215
278
681
351
359
401
777
498
671
91
532
46
303
261
829
346
217
387
820
845
904
833
678
987
418
951
478
108
732
394
769
281
946
285
103
490
481
909
415
695
894
784
506
847
922
566
941
696
160
964
920
173
87
605
933
163
450
414
285
862
62
298
239
228
756
766
621
214
52
399
995
986
581
297
992
544
460
405
754
142
86
759
104
586
564
172
582
937
145
69
853
527
859
773
65
940
587
607
675
311
683
866
820
933
330
691
166
90
460
507
564
72
536
317
156
465
149
643
22
815
535
436
586
421
851
953
456
284
547
436
897
526
187
237
936
221
359
347
278
157
817
959
586
823
569
59
955
493
298
673
796
909
788
362
814
84
699
191
934
485
296
166
62
509
544
726
173
695
276
687
652
396
682
268
702
730
474
869
593
685
562
460
158
671
182
334
186
513
393
168
697
778
613
421
665
572
590
54
754
821
790
312
735
940
371
687
44
105
393
989
846
901
586
189
624
273
525
746
334
867
115
544
8
365
197
958
865
381
443
468
134
48
799
486
305
929
996
498
51
539
340
274
667
516
676
380
530
385
542
703
350
123
563
399
942
911
529
16
794
810
376
848
962
643
185
737
472
980
392
958
965
834
491
620
983
510
888
760
88
163
582
371
789
124
346
929
641
334
733
145
675
837
60
674
598
686
587
727
271
138
987
718
385
226
531
854
466
665
525
527
329
598
631
452
470
99
443
962
632
870
992
474
253
124
653
310
883
775
108
258
79
838
100
589
182
842
687
80
159
284
891
622
387
128
937
448
149
726
882
972
840
489
875
186
131
608
865
290
386
159
607
501
655
185
9
475
919
741
873
362
576
269
229
547
571
382
153
301
538
806
300
728
866
766
633
174
230
773
95
58
38
448
308
466
978
499
768
393
581
210
796
693
856
352
453
436
39
40
954
887
386
737
342
334
400
680
796
699
322
873
394
142
286
904
831
726
806
174
45
569
269
371
707
762
234
958
312
452
36
530
791
588
309
889
453
839
803
688
626
998
157
384
385
652
433
761
633
745
755
740
654
511
51
588
851
118
534
672
423
483
966
962
227
487
754
454
58
50
208
393
553
86
44
689
862
248
349
734
33
302
957
918
716
6
428
795
67
701
639
918
579
886
934
976
672
50
957
868
943
25
643
883
87
907
482
373
555
163
704
909
894
727
351
547
59
30
1000
264
323
710
930
704
545
586
137
852
900
316
639
128
438
90
415
407
795
127
988
630
593
78
23
828
859
475
898
898
399
775
907
834
867
721
176
137
271
180
632
196
142
590
360
278
34
281
123
956
467
72
894
407
599
948
121
811
915
153
845
895
685
544
973
105
391
30
35
99
711
128
6
246
893
536
632
859
821
46
993
729
955
869
327
451
185
963
630
595
214
787
60
442
45
270
535
217
604
743
340
692
583
170
64
667
839
533
91
967
39
366
366
747
742
733
537
297
412
303
242
833
539
542
790
154
850
592
130
684
956
711
749
977
540
417
640
780
814
859
281
580
539
370
71
442
277
316
731
291
560
174
258
491
706
676
983
981
415
437
953
682
32
176
667
900
575
762
45
854
968
847
921
904
232
60
74
202
172
622
221
672
804
960
630
795
548
928
897
482
698
402
819
608
109
721
89
859
409
682
692
652
677
593
794
412
567
497
290
996
380
478
614
36
93
305
133
282
550
665
952
957
913
918
992
650
572
464
899
396
240
820
850
648
519
450
825
208
158
386
517
482
769
28
652
53
466
156
652
691
798
93
366
16
127
143
474
156
376
311
925
887
500
552
69
358
812
987
244
540
59
507
706
187
75
769
514
906
482
114
451
62
674
218
246
162
953
954
27
632
750
526
430
494
380
661
990
742
406
873
535
814
691
515
118
142
277
232
848
393
240
303
690
124
422
235
37
693
817
417
275
719
451
95
223
843
344
559
365
83
607
874
500
448
962
514
897
291
580
60
714
189
780
721
279
623
514
128
140
522
359
606
576
846
331
680
420
909
239
740
99
162
847
365
388
684
832
16
561
661
263
50
384
701
572
92
373
82
646
421
661
745
414
692
301
589
414
780
445
850
69
694
512
742
645
554
599
785
661
990
398
534
270
890
977
92
569
264
143
37
566
610
412
87
826
536
316
154
825
989
193
603
345
181
775
930
286
5
338
605
175
388
950
831
616
399
914
951
170
439
465
363
183
195
677
757
465
979
798
288
721
189
970
125
476
789
593
774
43
271
970
921
626
483
133
854
945
462
711
950
576
143
194
36
374
422
583
68
147
508
974
699
245
149
682
121
711
418
201
401
616
150
156
236
135
694
834
8
163
122
263
295
95
309
207
925
306
640
693
817
139
756
273
88
253
205
69
789
32
454
284
296
790
705
83
81
526
18
337
330
465
137
837
964
219
983
354
437
775
871
966
661
463
142
218
904
226
540
731
608
175
198
567
741
657
879
651
474
575
567
453
43
346
939
644
726
126
285
752
34
532
352
205
389
105
791
6
597
880
845
195
304
735
801
625
155
724
252
116
983
610
620
314
445
460
10
653
859
639
109
209
527
511
822
600
626
680
20
951
28
900
660
263
793
46
546
501
969
673
343
31
426
727
430
709
625
998
744
688
684
224
753
537
343
198
405
350
274
761
864
436
940
785
333
653
882
423
165
630
819
308
504
790
830
452
96
174
395
543
131
93
779
558
644
526
345
131
145
44
746
792
243
821
139
475
228
130
585
731
46
431
214
223
40
651
975
739
30
989
994
335
892
758
853
417
551
13
101
823
264
73
974
47
808
868
214
860
463
986
961
439
688
236
564
899
504
692
756
925
447
760
949
133
338
229
941
750
535
620
462
111
236
108
659
270
439
783
339
389
309
241
15
389
697
135
673
636
636
63
21
408
1000
481
202
283
691
560
791
33
410
115
23
351
598
204
664
260
356
594
400
37
455
596
926
667
383
207
720
476
854
690
346
829
472
691
715
182
643
21
427
666
124
902
667
401
718
129
782
300
43
124
843
614
392
281
11
340
799
447
245
834
753
489
352
454
734
138
813
579
841
115
168
745
189
439
892
103
950
758
961
441
167
542
798
604
553
298
582
342
366
929
344
553
532
184
680
141
991
593
929
176
705
928
718
773
170
108
97
369
441
85
346
172
468
840
810
961
27
801
21
151
169
106
310
30
8
573
36
489
602
355
339
495
81
92
920
392
693
516
245
609
450
46
905
74
585
538
822
686
366
307
831
887
23
838
25
143
665
560
502
831
239
85
15
364
399
19
326
639
815
338
336
823
557
584
811
448
107
996
773
631
333
493
786
814
365
156
370
203
606
829
189
901
241
774
107
445
927
762
894
382
183
884
531
363
889
285
417
703
524
237
205
828
959
426
259
464
342
377
803
433
330
244
318
675
35
658
925
709
648
458
523
194
981
484
46
657
314
669
874
227
360
588
321
63
63
812
960
76
773
611
920
256
367
162
638
327
762
518
96
730
724
387
272
514
507
874
791
282
889
898
561
35
35
814
467
16
525
282
323
735
454
855
237
740
382
97
792
990
392
761
604
136
936
11
741
788
846
15
549
948
895
180
46
893
870
57
428
463
286
112
448
113
754
160
132
250
29
548
459
223
152
292
749
317
954
379
388
581
438
582
6
986
727
6
192
267
449
549
470
10
575
700
837
190
716
978
107
764
222
149
343
347
872
128
916
506
391
402
373
997
958
651
458
382
931
972
542
24
298
934
335
218
19
661
325
694
259
123
434
581
385
483
760
482
672
943
760
190
652
631
371
132
150
246
724
428
69
473
604
441
798
555
108
134
934
289
734
850
233
656
378
632
565
857
849
507
962
926
577
3
997
605
990
202
566
27
150
631
552
949
824
570
665
166
291
10
690
386
979
202
604
128
432
856
708
702
786
913
113
224
811
735
986
877
517
808
511
995
545
968
310
682
928
943
461
558
250
488
678
505
830
274
398
552
857
586
537
186
8
997
457
339
76
22
939
89
896
77
349
673
380
343
711
544
32
70
66
885
511
806
299
329
561
88
524
49
463
362
706
621
161
880
252
229
65
731
568
136
38
321
543
447
589
320
560
475
92
550
943
112
892
167
40
678
209
521
58
480
794
930
196
522
23
130
417
694
941
461
823
888
821
990
597
157
429
12
291
70
914
351
136
387
398
908
354
52
731
802
359
647
290
126
932
721
289
176
853
837
655
667
788
326
37
863
55
781
743
966
31
785
444
962
474
33
867
740
527
662
887
279
997
317
84
598
427
889
772
934
594
345
765
645
440
914
288
112
282
811
705
629
790
595
60
740
409
624
847
250
463
622
444
959
105
927
520
491
595
424
168
209
863
536
565
520
319
122
585
409
871
210
223
30
503
77
775
112
677
851
922
143
92
817
579
851
370
868
942
654
780
325
111
904
390
41
812
200
751
23
688
985
643
616
447
420
678
94
701
111
361
231
982
20
122
447
320
997
655
164
382
945
414
863
597
867
859
98
926
596
310
953
818
326
961
50
324
998
631
19
331
294
979
39
323
359
862
176
459
645
471
184
786
643
46
919
700
532
943
17
216
963
222
823
593
38
377
925
900
560
802
236
754
16
463
430
607
416
904
186
767
908
880
601
790
431
996
868
707
734
251
992
975
634
986
987
569
549
990
551
717
576
97
725
407
631
892
318
382
717
765
848
998
135
258
837
295
213
908
504
369
622
775
813
577
375
876
95
165
447
463
268
965
908
89
903
760
244
70
698
31
936
376
129
628
889
211
554
126
932
60
539
479
508
742
527
908
130
76
262
331
868
184
466
768
505
959
384
614
867
59
971
629
223
63
249
373
139
817
773
894
504
407
104
530
90
995
455
589
918
977
31
387
359
497
450
284
800
791
860
887
60
96
556
886
712
255
520
555
142
125
673
672
950
396
805
679
986
189
565
829
929
811
994
595
8
893
277
226
482
761
471
541
282
715
532
520
954
924
11
28
535
815
941
259
493
820
239
728
594
620
420
157
595
822
936
133
719
406
140
689
809
720
956
618
86
205
992
472
967
475
179
738
656
11
464
219
117
382
388
299
254
641
46
548
144
803
979
195
178
495
202
231
851
710
680
564
845
874
291
422
669
386
641
900
763
216
319
64
643
781
723
727
990
34
129
775
431
292
97
132
441
693
778
180
264
918
5
626
912
890
579
986
359
301
112
510
190
460
357
275
226
215
506
402
146
509
694
200
107
137
839
826
499
639
888
329
905
568
889
109
756
692
452
88
9
260
781
296
408
577
275
303
638
610
197
971
720
498
246
157
698
384
205
281
504
546
613
105
887
77
547
302
877
515
533
87
2
921
870
25
579
819
255
37
355
943
378
112
967
69
761
467
540
425
874
29
343
439
191
330
1
517
748
64
380
37
811
445
521
403
641
560
271
638
158
194
424
488
175
755
657
812
848
356
757
971
680
638
860
665
592
379
323
42
920
383
26
746
80
334
41
347
651
27
282
579
41
86
421
128
792
330
927
267
177
384
114
680
410
132
6
209
453
874
649
299
132
837
347
39
628
218
544
708
97
809
392
803
309
360
557
300
764
462
128
184
28
360
880
520
230
799
702
649
71
162
92
490
890
164
361
465
118
919
636
208
641
353
682
822
348
856
64
720
351
256
340
636
501
73
540
135
541
322
118
560
111
996
204
272
892
352
464
470
57
944
678
64
83
951
240
891
354
841
436
138
817
123
977
94
162
767
730
94
53
632
187
527
455
470
892
104
188
239
928
342
788
231
285
605
421
654
530
658
224
338
930
198
960
484
898
388
762
1000
455
588
843
725
717
680
275
425
889
505
32
211
798
629
826
640
756
383
340
984
343
652
434
660
746
204
131
200
933
206
792
569
896
643
481
303
394
303
732
630
674
190
389
899
731
265
236
360
383
758
563
188
527
362
817
690
496
485
593
742
613
222
724
799
304
349
451
786
463
396
973
385
61
727
30
29
70
616
643
542
612
362
46
393
44
879
42
541
855
273
147
193
198
274
398
654
852
258
504
937
93
871
795
404
145
259
729
595
323
210
455
151
25
832
286
854
596
154
833
425
705
568
615
307
241
860
734
782
516
232
835
776
23
901
690
187
368
182
264
273
228
532
392
696
877
59
559
292
301
705
825
642
976
394
138
397
630
944
964
344
942
823
811
204
382
41
397
317
74
504
649
677
74
726
347
348
572
911
84
232
41
351
98
988
482
175
106
780
863
972
27
789
681
17
776
773
559
781
986
740
367
946
921
279
689
266
126
742
218
96
839
355
769
147
156
160
201
770
538
336
461
956
750
696
122
461
317
903
784
235
828
207
427
745
872
103
888
602
682
306
479
790
729
96
121
688
133
81
706
712
238
40
842
558
218
7
613
144
771
382
705
7
471
147
185
493
247
87
934
603
627
919
601
249
399
968
459
410
125
338
938
721
162
477
351
106
277
34
631
319
594
422
215
85
72
692
608
823
212
413
369
392
573
513
205
894
872
180
603
677
263
169
870
120
684
595
269
675
169
262
678
528
729
613
487
380
573
434
934
221
996
522
849
870
81
525
113
9
694
214
886
849
325
4
305
16
440
941
147
903
585
96
951
544
475
126
686
944
762
789
894
326
213
671
894
92
430
778
957
915
557
373
20
192
926
156
524
305
566
492
64
892
725
978
994
478
963
419
232
627
221
584
926
628
239
763
88
965
397
963
427
721
806
659
761
869
209
175
203
928
586
380
636
706
149
529
501
750
39
602
206
797
789
705
487
341
528
524
638
581
9
958
318
658
84
623
964
988
125
723
948
970
582
146
592
10
489
931
911
696
583
256
291
575
634
844
722
69
697
940
430
978
972
367
707
287
943
410
474
263
177
112
386
485
528
531
9
561
70
465
337
753
518
879
907
222
403
274
10
11
185
773
944
395
504
855
296
589
439
806
211
502
492
149
916
361
880
669
316
11
307
57
15
64
206
958
54
375
396
13
379
741
301
746
48
172
744
643
655
967
441
888
729
651
36
245
368
912
135
733
203
759
973
53
352
87
470
848
606
610
469
624
386
66
163
920
314
562
18
621
689
643
415
69
945
941
903
241
436
896
474
158
142
298
176
174
507
956
365
297
78
958
720
262
264
803
165
294
956
148
562
291
343
153
484
68
625
980
732
929
61
220
984
927
991
154
234
20
182
171
696
153
666
81
101
504
73
492
809
571
216
241
282
499
462
244
573
575
128
116
235
189
309
719
299
844
642
329
336
787
757
181
363
823
81
590
654
229
629
226
151
604
848
828
637
227
738
262
263
283
772
367
32
959
482
423
622
375
374
541
548
507
356
156
129
619
726
978
537
91
631
955
710
403
304
315
969
799
599
516
324
64
550
68
168
676
180
189
535
212
406
49
703
286
961
836
434
439
292
19
358
218
713
29
272
416
722
15
942
171
56
163
602
976
338
105
150
37
158
578
144
405
451
680
769
775
362
693
779
564
693
226
546
730
754
602
787
645
467
246
443
85
465
540
316
68
151
550
139
967
91
328
611
554
270
515
731
918
335
874
146
369
571
976
86
426
416
330
640
32
151
573
508
180
405
728
474
988
827
782
688
144
503
991
430
28
892
399
180
19
238
453
356
739
329
82
593
364
725
899
595
971
817
523
159
315
40
953
742
636
682
120
898
168
509
138
242
466
516
313
700
977
328
981
875
754
54
322
930
611
887
214
763
798
408
666
407
939
484
879
701
904
82
405
373
252
588
76
827
884
700
894
870
22
514
983
207
391
321
639
403
716
924
214
988
352
220
60
979
176
924
293
305
425
429
63
454
906
171
868
172
722
997
318
14
442
232
70
527
892
41
430
253
695
31
231
418
380
963
633
777
646
809
475
469
190
392
332
840
586
622
594
875
728
837
813
783
691
780
380
791
251
903
683
881
713
790
796
105
727
588
666
617
949
711
401
53
940
5
180
237
953
854
1000
680
163
789
473
480
729
144
554
420
320
226
903
948
580
401
838
178
894
246
917
780
122
666
125
532
245
344
884
168
560
719
356
588
570
554
473
861
700
257
532
291
859
894
307
343
423
168
533
39
249
604
844
257
587
724
939
651
81
282
238
561
725
65
623
919
697
341
265
712
283
756
119
52
14
17
845
754
835
354
328
979
713
258
450
392
44
61
920
447
694
600
964
185
315
794
899
590
539
317
289
900
620
139
989
749
307
744
325
219
37
532
383
303
701
634
177
265
712
929
125
613
62
836
592
843
187
888
541
134
391
648
614
200
424
279
976
435
947
305
778
124
428
612
694
310
139
541
762
162
497
920
739
653
47
850
373
414
87
902
904
586
375
76
233
265
720
437
959
810
514
649
295
669
479
893
606
552
373
380
516
400
187
674
470
97
721
713
764
521
457
847
692
109
429
397
404
715
968
677
251
985
522
127
495
155
574
324
931
281
29
666
732
265
376
919
828
828
178
768
805
82
445
283
230
557
56
214
934
7
265
508
591
852
952
451
721
8
396
109
727
889
618
751
61
48
364
95
126
755
6
125
755
240
340
806
299
814
268
134
547
770
853
377
953
733
573
74
849
346
683
245
613
806
470
594
605
987
283
536
157
137
74
830
315
186
190
42
399
779
653
175
162
59
998
438
426
235
209
110
967
27
615
275
605
55
202
852
121
555
694
524
240
318
410
76
434
339
185
753
56
940
381
562
254
133
358
544
317
880
403
512
467
868
221
686
509
988
957
588
937
342
797
451
443
89
326
121
202
605
76
524
721
879
360
182
10
938
733
550
826
171
402
229
291
971
927
133
685
325
145
364
396
566
349
98
155
254
155
330
463
654
945
261
756
3
180
691
452
491
310
575
670
189
125
296
756
186
219
727
302
600
565
141
984
182
654
842
670
907
677
602
483
317
711
180
234
41
657
481
506
291
916
320
409
424
647
280
45
353
78
660
95
493
595
906
728
501
51
986
329
922
42
896
895
497
240
524
768
690
874
739
341
526
353
129
187
222
858
25
745
233
138
838
802
265
751
317
160
499
345
120
338
752
397
208
953
473
171
689
895
683
939
634
484
655
509
798
144
365
472
437
747
146
246
50
271
836
620
552
361
424
2
553
934
359
288
815
701
991
708
516
864
69
442
959
239
659
194
120
761
173
632
218
227
928
492
730
135
866
587
882
837
847
921
316
915
343
888
729
205
744
148
26
741
578
804
696
507
661
508
446
931
923
417
453
350
71
152
409
721
371
216
762
960
856
964
435
933
433
490
644
178
177
401
509
620
408
378
190
715
901
882
749
27
864
305
269
371
950
670
786
301
656
554
41
592
569
881
647
440
483
809
703
683
248
814
626
308
564
122
860
611
692
511
71
315
620
557
467
725
559
52
885
874
81
153
325
167
449
48
892
186
375
232
128
477
185
6
223
293
271
261
257
16
859
784
201
612
676
189
48
25
391
770
820
504
716
381
462
164
845
510
945
803
376
558
573
241
450
20
116
259
681
348
921
116
769
709
747
978
262
305
137
104
621
601
808
164
623
189
748
70
200
7
938
802
312
771
279
973
519
472
980
470
272
131
405
958
769
789
636
330
915
741
857
899
916
203
717
85
237
525
612
662
285
482
232
669
232
74
40
938
699
611
401
885
640
678
300
752
92
470
40
406
973
492
548
225
896
564
100
233
262
482
210
63
804
599
827
604
511
438
365
512
411
788
751
825
295
387
532
747
107
485
969
881
294
76
291
300
74
826
615
793
324
12
449
361
181
454
173
798
266
687
975
287
736
525
282
849
330
28
912
150
405
94
257
828
984
43
200
711
306
237
142
317
188
92
320
898
104
378
291
383
352
799
874
910
219
38
841
414
20
931
303
933
456
704
983
605
904
194
510
542
331
686
428
215
145
579
201
687
127
171
515
65
712
507
653
381
762
509
431
725
170
530
459
230
736
437
672
579
885
171
871
702
648
966
287
812
985
904
797
771
614
211
298
360
48
342
467
27
281
347
638
674
29
992
995
157
664
883
210
931
942
991
36
927
373
389
64
431
213
70
681
810
623
405
342
427
90
688
362
93
657
824
577
452
417
311
864
575
809
879
85
369
840
345
90
110
575
588
884
497
999
274
854
888
275
40
921
868
75
522
777
128
23
233
825
547
290
721
720
665
451
33
578
914
171
551
141
384
79
774
669
400
661
829
74
859
616
594
726
608
428
518
442
322
389
386
1
949
330
293
854
939
579
376
798
77
556
825
915
924
999
483
392
560
981
69
203
68
402
472
713
413
15
621
844
289
844
529
528
455
123
319
724
256
319
975
640
832
520
5
828
433
87
292
126
187
467
557
57
313
711
831
722
68
111
450
244
31
323
868
885
554
106
352
378
757
499
900
414
108
598
259
761
410
312
420
800
76
857
471
27
205
309
966
163
213
644
154
503
112
655
313
171
730
227
841
200
766
67
335
30
723
613
485
168
353
894
945
235
227
412
280
369
160
381
824
533
458
165
403
690
83
245
816
447
200
267
385
404
283
682
582
95
311
233
511
930
634
353
605
931
846
744
912
801
665
860
249
609
41
110
600
991
443
646
734
225
378
209
861
853
668
802
361
671
851
348
471
41
836
214
213
813
779
140
876
101
384
590
47
989
469
310
898
591
92
635
84
718
907
537
292
177
297
369
368
451
935
123
141
73
183
642
752
106
211
6
605
194
171
831
71
607
49
20
594
736
908
303
708
524
256
15
550
723
685
501
766
445
199
584
125
386
586
264
812
643
555
441
122
401
8
280
943
518
599
103
682
856
786
704
735
821
153
391
933
232
868
696
753
622
283
181
555
72
865
342
141
308
505
269
511
432
672
976
457
592
564
430
945
684
243
914
116
167
229
956
713
811
714
380
903
149
550
588
807
155
385
148
718
51
445
163
658
607
856
314
594
363
517
268
987
361
972
822
830
256
881
647
513
140
954
378
267
200
952
170
391
616
918
919
470
665
783
384
366
128
538
273
229
346
414
933
141
961
937
970
364
845
249
457
243
783
932
26
536
739
28
995
368
380
926
839
196
323
359
421
414
297
991
78
486
108
754
228
799
222
208
950
161
855
672
687
336
189
387
920
549
249
140
327
106
368
187
454
939
926
838
543
839
684
1000
873
927
58
268
948
436
690
303
361
491
798
218
356
256
803
563
53
23
69
47
962
803
469
112
50
161
519
193
112
71
816
980
821
462
619
188
619
241
684
848
605
63
195
542
565
660
404
230
39
497
618
285
819
110
500
865
64
628
443
504
544
701
669
426
400
503
660
187
943
365
953
906
846
195
608
678
475
995
859
558
927
788
880
469
816
252
817
10
412
221
540
965
103
370
498
928
394
563
658
189
353
489
599
670
235
370
872
845
4
938
551
651
187
639
333
203
999
686
792
163
615
979
48
837
47
268
886
805
333
216
393
52
383
421
27
691
583
32
398
156
325
171
271
806
538
926
964
620
723
116
205
358
316
229
464
494
9
872
156
529
208
924
98
243
451
859
969
820
139
953
513
425
173
906
879
286
423
508
601
422
630
768
176
9
150
389
101
827
771
934
401
829
30
884
636
34
799
807
343
4
504
309
167
97
391
800
370
732
778
589
634
320
506
684
668
882
545
894
148
330
122
101
739
531
905
977
91
692
271
924
426
10
519
461
88
978
974
312
109
120
666
747
340
374
283
768
179
635
387
182
872
874
482
124
100
82
285
597
595
489
380
847
950
354
771
744
422
517
684
685
140
858
538
174
916
856
737
557
488
404
45
713
372
135
332
656
93
335
555
948
700
145
898
595
816
662
128
16
334
981
769
191
175
634
194
532
944
626
807
806
208
12
882
681
477
316
291
581
349
319
818
16
711
967
140
493
30
917
737
671
288
313
856
935
53
554
137
543
947
24
351
750
592
327
936
200
955
197
842
591
458
906
709
553
788
364
441
422
657
326
289
566
59
389
282
824
868
112
349
385
349
301
590
102
627
670
167
367
605
989
129
119
439
605
286
535
74
584
280
675
285
418
499
422
510
731
99
611
853
1
857
983
672
928
888
472
884
482
453
211
886
395
985
123
953
525
907
899
13
280
921
120
823
988
524
33
259
605
54
667
373
398
169
291
908
594
628
762
746
391
695
836
557
390
315
689
521
478
166
173
94
784
385
496
840
970
294
825
245
893
836
141
779
222
851
940
294
702
34
702
655
493
37
566
501
887
309
149
453
370
470
909
737
456
741
430
1
789
732
381
253
729
261
807
420
214
814
648
530
508
663
533
824
426
311
955
617
744
916
596
262
824
893
832
553
220
677
742
703
874
340
802
435
88
149
501
643
127
685
919
455
923
731
244
693
702
326
499
261
799
953
113
135
306
266
747
562
671
534
780
362
814
828
624
547
788
249
350
488
63
317
957
427
306
203
635
124
839
392
272
157
141
880
929
162
353
615
217
146
36
641
291
310
474
398
241
485
737
101
226
964
419
415
105
446
608
849
384
215
406
261
698
398
596
786
102
542
350
509
315
7
448
129
947
770
492
903
817
5
338
426
261
462
767
548
39
333
810
640
772
320
664
49
242
847
834
661
28
158
178
649
662
268
114
398
735
371
695
356
888
67
96
476
802
543
198
249
305
579
214
295
911
867
608
992
637
31
415
819
886
44
643
604
484
16
988
185
419
127
30
53
330
977
425
987
319
101
847
905
117
338
410
124
857
643
893
120
628
429
452
474
229
214
18
205
961
576
305
455
166
169
552
163
467
133
507
552
273
609
600
552
55
231
843
433
300
938
364
25
575
577
575
546
719
788
995
34
834
926
625
761
526
64
102
537
838
55
580
622
954
776
842
403
362
157
269
327
355
247
293
242
327
738
550
704
635
66
357
133
525
438
696
311
827
249
718
277
820
17
91
661
671
612
121
800
609
596
635
977
976
694
762
128
90
787
568
855
677
518
505
165
440
248
494
744
601
757
846
512
490
722
825
491
302
362
136
78
135
755
638
658
846
113
838
645
240
310
536
384
793
359
758
228
738
249
84
917
938
704
254
889
721
585
230
377
872
156
589
416
126
979
898
149
511
909
991
975
953
81
478
949
41
263
622
48
250
954
221
507
222
834
571
95
862
805
496
763
523
949
453
499
535
623
731
455
952
386
886
754
558
193
852
564
812
441
1
547
465
972
700
781
472
600
530
604
701
580
984
291
353
885
312
552
410
656
717
325
260
447
687
609
648
498
153
153
774
158
693
834
80
240
141
359
955
246
820
593
775
889
150
821
306
687
430
730
112
126
986
598
255
415
511
959
214
206
640
966
879
717
820
806
741
697
641
790
404
980
24
52
325
933
202
744
468
911
434
198
454
576
341
360
735
900
273
985
905
316
735
202
50
592
323
210
135
821
545
331
740
822
177
76
878
396
500
214
522
102
466
433
9
874
944
927
560
995
975
682
755
224
170
646
418
302
195
276
546
726
345
590
352
32
981
488
754
72
97
837
350
832
415
277
564
296
170
862
504
823
434
987
98
69
661
38
41
604
570
693
522
863
569
69
972
237
92
35
407
957
564
593
779
163
668
973
413
756
699
339
452
820
567
274
649
993
370
977
935
468
18
826
248
607
685
609
896
47
878
904
845
410
540
65
582
110
105
304
869
215
885
66
755
625
645
832
276
14
130
928
769
611
224
698
779
918
870
960
440
654
85
400
806
50
720
113
78
320
867
143
695
65
187
351
384
768
901
629
732
925
874
914
960
724
392
125
951
552
816
734
23
469
606
427
586
123
447
919
105
623
852
323
568
793
691
419
979
883
734
838
930
840
158
918
986
393
846
74
469
873
937
21
112
140
960
91
19
18
986
972
724
456
927
952
338
81
629
28
770
909
504
833
677
766
838
904
956
484
542
735
964
640
78
665
704
941
197
242
920
504
534
988
338
261
118
177
42
783
498
251
991
229
486
596
23
520
687
188
287
109
181
734
605
326
71
347
348
569
930
262
929
301
835
197
252
585
752
170
475
497
929
954
341
59
670
147
365
385
575
395
743
905
700
230
443
976
827
237
630
288
146
916
233
250
675
194
999
446
944
920
748
824
217
791
583
765
606
598
354
908
191
32
732
174
990
938
440
565
820
568
740
29
581
391
193
715
954
1000
273
895
43
65
467
600
783
575
587
332
324
611
782
528
32
761
675
995
46
66
614
510
903
742
323
770
596
880
140
653
943
234
563
370
36
891
250
756
850
658
981
908
461
112
710
315
694
921
584
560
870
910
220
903
443
734
375
275
118
198
876
744
336
323
313
957
401
821
529
864
369
493
854
162
720
580
82
931
503
401
670
614
923
759
121
927
77
538
116
398
989
460
515
976
800
767
702
660
992
644
624
159
116
591
40
505
788
816
930
589
662
206
198
717
858
508
202
760
815
617
159
161
513
29
654
27
370
790
98
321
789
153
245
50
847
23
834
684
167
180
259
412
138
495
728
233
227
556
316
230
150
250
17
701
635
562
418
236
770
54
516
36
740
639
493
745
375
89
940
92
527
2
57
682
666
111
81
291
18
219
492
915
819
617
558
408
705
664
155
17
980
653
298
269
962
882
218
273
411
426
251
948
773
68
256
537
426
76
315
840
576
367
690
641
102
196
299
23
988
430
925
949
69
712
797
121
212
533
358
568
784
190
967
861
669
593
177
586
982
548
18
667
521
894
644
635
482
673
866
334
779
514
711
548
820
135
315
865
194
255
457
895
871
732
13
611
687
338
873
806
353
106
585
609
664
978
787
289
977
201
395
1000
410
638
58
940
305
768
534
937
146
434
38
629
100
287
756
859
366
165
290
732
382
454
621
95
71
155
903
410
569
95
667
817
971
678
198
938
152
850
876
592
691
591
100
497
776
100
499
732
326
929
680
294
638
535
784
851
673
457
605
921
503
480
184
350
101
888
815
70
566
822
71
650
146
257
507
506
527
591
550
480
524
666
523
385
156
796
988
510
609
67
737
307
853
976
207
737
735
554
803
148
403
353
739
911
28
699
77
323
270
119
32
243
486
492
513
711
115
303
372
401
826
913
255
581
454
260
580
224
533
907
681
788
548
110
190
166
627
440
854
444
433
922
810
300
395
621
99
610
176
798
232
164
912
990
959
353
58
965
259
424
203
136
663
56
251
894
183
262
722
934
241
499
219
444
302
8
291
24
491
656
251
729
688
227
531
17
711
153
139
981
999
935
330
801
953
260
240
978
764
834
826
953
699
78
682
879
187
459
902
452
533
493
598
295
883
951
131
612
250
349
381
657
880
467
88
591
306
598
392
797
900
733
894
471
35
947
50
185
100
774
248
750
240
674
55
761
81
745
99
7
75
687
154
165
736
65
751
338
993
137
968
707
274
282
868
609
17
318
428
840
919
573
98
938
240
720
211
867
500
371
531
616
132
379
199
35
819
225
58
1000
706
153
675
894
313
199
434
277
565
141
343
825
245
721
30
427
65
346
538
553
802
343
924
78
250
311
349
502
353
598
52
395
411
766
348
188
612
481
564
512
594
24
907
738
597
603
285
342
303
578
553
888
241
513
240
861
604
158
70
178
961
152
549
745
269
454
263
368
429
149
461
163
675
874
169
90
34
764
215
799
126
479
4
549
237
457
449
326
180
449
538
449
974
65
914
664
480
605
537
141
157
218
38
616
631
687
930
501
161
211
405
892
843
350
590
660
125
557
920
363
953
927
837
731
930
838
735
915
574
379
727
730
287
18
938
667
346
213
899
506
362
279
878
802
330
261
79
631
817
434
781
760
901
286
23
50
100
906
244
172
107
162
195
138
111
177
853
723
847
431
671
680
586
569
334
670
9
667
724
678
790
962
708
109
392
689
240
153
250
179
924
593
462
546
175
329
483
647
916
730
603
79
907
20
561
182
662
411
914
935
356
216
90
812
274
78
778
894
488
642
514
643
103
795
877
379
253
699
439
835
123
345
975
756
218
639
978
641
690
217
320
605
357
972
936
682
244
703
492
225
535
947
823
559
260
431
787
282
705
883
830
256
765
271
146
916
70
724
743
281
215
993
507
629
447
334
913
794
44
913
421
76
103
964
613
31
385
663
186
832
996
270
858
583
323
700
376
386
382
819
31
779
20
866
567
86
720
106
740
188
556
420
309
733
543
94
810
513
526
989
590
325
439
24
478
880
97
957
435
13
553
235
160
704
794
499
401
182
649
518
175
319
693
321
431
177
894
364
34
870
345
274
991
711
3
712
64
181
57
311
556
969
847
34
206
480
799
871
301
184
136
389
957
447
463
156
361
170
504
117
355
303
705
205
112
114
513
293
679
210
356
2
67
224
902
681
112
46
751
117
19
83
35
985
987
897
68
979
58
798
251
128
800
303
430
120
985
210
65
265
919
775
435
696
139
86
755
176
405
718
55
64
40
694
987
265
29
902
665
223
533
816
998
464
261
790
865
678
568
648
99
917
137
604
773
68
458
377
416
845
969
406
903
240
724
893
5
856
455
608
211
867
894
52
200
203
580
463
18
595
375
161
865
704
541
788
17
118
820
822
973
76
803
636
640
378
108
524
871
339
857
969
193
87
572
292
396
991
661
288
533
83
92
477
350
377
669
19
193
882
330
998
199
922
88
617
437
763
287
110
570
775
822
469
198
436
637
314
342
771
278
350
527
32
776
375
337
122
30
803
229
854
605
18
123
718
762
368
923
216
340
380
841
228
459
107
745
758
850
104
328
803
579
7
407
306
380
36
741
987
880
283
560
435
907
738
539
41
551
680
652
407
212
371
828
552
100
217
689
832
348
620
697
324
302
105
284
497
684
188
202
569
243
561
336
877
334
917
796
854
873
440
382
506
660
361
556
887
149
130
662
329
454
437
718
275
742
81
176
616
900
975
470
583
477
268
728
759
898
17
131
544
73
510
511
699
795
702
402
401
286
569
48
996
303
161
760
103
647
883
102
652
306
540
827
888
273
289
747
872
431
858
890
103
636
400
371
618
301
908
786
316
617
749
304
419
386
783
507
931
45
582
685
635
561
895
357
47
314
900
789
152
922
168
834
225
826
22
20
903
661
934
123
62
624
420
871
144
762
309
427
292
149
352
690
896
422
207
403
835
209
300
989
225
783
88
756
349
674
579
860
898
596
74
863
484
508
96
982
995
476
351
163
117
665
751
26
662
62
598
712
812
141
353
653
189
898
783
854
641
410
885
485
836
589
943
903
209
930
102
128
602
403
998
279
893
90
341
827
513
482
751
779
465
563
992
76
39
685
411
937
931
110
327
313
463
933
654
418
197
884
425
138
57
82
104
33
177
130
427
353
483
255
463
869
937
835
423
307
987
402
158
661
987
933
543
167
705
669
666
820
187
651
510
180
831
395
585
338
346
999
377
559
899
10
223
843
216
459
801
599
36
527
112
978
535
9
272
789
442
896
354
434
839
346
586
660
960
736
637
184
444
864
30
710
723
838
704
455
832
712
263
436
180
92
619
735
364
150
162
981
571
850
836
491
106
155
766
129
430
224
344
931
7
70
199
718
925
213
739
133
147
850
715
920
523
854
919
149
499
698
267
513
123
204
480
620
719
957
923
660
132
736
257
682
372
609
576
691
750
927
328
295
173
848
656
203
345
780
856
486
245
609
665
849
285
104
217
534
461
213
786
230
924
171
117
25
141
371
325
497
972
531
740
426
612
187
961
360
29
387
303
786
315
507
298
368
917
622
307
470
967
563
89
179
4
273
878
18
473
21
156
758
389
890
964
447
772
468
584
215
282
990
458
124
219
478
500
25
16
301
420
215
374
644
210
689
840
796
276
871
204
330
999
772
336
216
556
115
888
677
8
841
599
451
951
876
289
566
75
729
849
742
88
552
840
486
791
305
155
339
623
81
56
847
379
252
970
730
729
999
927
103
851
952
254
377
690
961
853
73
536
443
780
624
543
8
605
155
109
341
740
750
527
911
212
535
230
568
314
411
832
451
706
932
172
697
514
427
668
685
570
259
415
725
626
54
391
908
226
813
98
257
442
691
692
822
790
955
117
268
407
249
966
158
782
838
918
971
781
209
743
659
511
860
213
322
920
5
427
60
788
412
395
494
421
514
742
105
68
818
971
115
817
67
695
727
752
825
170
629
604
677
352
301
276
742
215
717
848
610
760
72
752
493
202
376
555
854
726
620
1000
621
760
110
580
837
705
816
480
748
655
600
372
930
388
300
19
899
1
836
851
896
184
41
375
563
633
715
275
223
579
71
822
854
987
20
136
675
676
840
866
962
715
885
80
974
71
115
906
882
23
392
415
65
877
811
872
91
750
450
721
568
60
538
637
983
422
943
427
3
263
232
84
8
600
697
964
766
53
238
372
485
558
530
553
215
213
264
631
80
487
41
458
570
899
19
670
986
80
379
179
885
411
480
602
525
459
984
437
400
898
412
695
963
24
261
288
513
270
301
354
620
170
172
923
7
618
363
395
14
467
992
116
659
500
785
165
274
244
81
704
543
205
444
379
635
294
85
101
306
917
66
542
17
68
640
416
154
34
197
168
529
185
826
273
965
114
196
409
188
983
133
861
676
272
742
983
451
786
363
813
170
63
20
46
269
197
137
497
708
890
481
967
813
570
420
748
921
880
240
253
728
105
946
656
633
827
293
62
588
292
102
529
192
527
220
912
119
273
74
349
94
606
327
735
62
485
243
346
215
901
855
884
506
614
77
856
104
688
457
536
332
612
513
723
50
879
924
171
843
105
422
269
937
888
679
883
71
223
435
40
876
637
597
779
995
315
947
905
531
651
782
971
936
780
844
21
24
851
368
649
100
291
114
63
376
878
963
838
585
441
103
342
212
903
878
670
669
58
80
354
344
402
670
596
872
261
476
713
65
317
278
522
543
531
998
288
993
461
752
376
985
713
428
832
440
875
273
467
874
331
435
597
493
602
107
999
523
810
57
638
774
488
645
449
406
996
30
921
633
241
823
424
975
164
680
395
838
336
793
844
91
817
237
104
170
164
700
193
473
574
195
524
443
80
2
558
123
742
721
952
180
389
880
782
292
198
394
125
203
403
148
693
572
811
780
712
444
389
528
591
673
185
892
552
58
341
221
25
995
550
726
638
126
439
950
377
299
160
986
215
253
431
4
682
606
243
672
391
838
786
436
378
608
859
942
283
499
936
264
937
928
666
379
418
947
569
732
515
693
682
304
868
228
555
818
192
623
21
830
993
377
975
840
515
632
328
181
739
764
606
382
272
251
830
275
853
32
220
979
320
763
614
910
273
515
287
351
567
475
200
775
366
960
388
866
230
392
27
752
420
761
253
830
424
234
863
37
51
510
431
989
132
573
479
109
138
863
155
139
577
364
163
123
163
902
574
657
75
470
585
681
930
471
355
252
648
516
201
20
556
200
670
85
677
817
717
531
851
678
964
879
701
280
122
165
728
463
196
154
44
731
754
633
837
196
125
558
769
732
691
992
982
787
310
771
439
660
112
76
264
202
41
906
912
244
324
424
83
335
68
649
738
319
28
451
975
140
54
904
980
671
687
830
225
835
166
837
903
591
354
859
967
570
117
539
898
213
138
98
243
377
411
98
855
54
769
541
928
271
666
563
401
944
654
48
574
715
307
929
646
455
416
27
885
53
170
498
743
578
655
347
444
840
498
53
990
272
807
928
575
282
499
139
902
255
144
941
200
874
188
370
361
71
504
328
523
773
996
68
121
827
492
592
280
317
147
678
888
71
726
881
127
658
865
6
558
228
61
533
995
181
599
58
706
488
548
372
74
280
822
817
647
961
720
692
613
186
780
599
873
21
241
871
871
358
248
165
985
815
540
391
720
772
928
680
322
361
55
551
815
260
747
750
446
204
609
668
162
864
374
881
547
825
794
335
185
299
491
657
805
712
821
657
950
782
170
893
275
315
269
59
462
47
7
483
272
195
596
996
590
997
969
120
646
550
719
159
470
645
3
641
486
856
844
603
881
132
622
198
60
751
320
129
767
552
712
580
600
757
985
449
568
290
568
771
463
319
76
720
992
292
511
743
309
472
488
874
485
886
282
992
733
265
574
316
365
550
620
165
921
682
646
975
376
756
904
626
491
786
110
154
690
109
299
802
449
984
645
46
727
469
776
355
692
645
192
469
225
900
910
841
963
476
224
442
313
202
900
286
750
960
224
172
250
973
104
887
166
280
992
729
271
866
166
300
514
986
831
74
828
694
677
168
167
504
371
420
29
534
851
207
772
956
531
786
343
467
400
507
43
858
251
104
402
627
439
904
863
503
73
920
672
736
814
158
412
257
869
37
607
670
950
463
365
215
512
320
652
858
498
834
264
617
43
41
664
560
64
489
967
312
587
904
463
224
11
683
140
211
400
521
541
926
623
399
268
808
888
906
616
668
795
519
853
423
461
745
940
609
681
648
888
907
753
459
222
970
164
736
185
372
591
443
819
338
303
399
430
996
848
632
920
971
341
284
37
227
603
27
561
124
143
76
401
569
991
676
735
102
857
680
199
73
677
282
385
213
103
660
340
612
424
197
226
885
490
622
138
818
276
541
408
83
476
545
796
619
307
593
595
521
987
731
674
291
245
194
470
133
28
135
306
730
349
79
117
131
386
815
720
917
705
887
28
238
301
1
467
70
399
35
575
664
35
508
155
576
734
272
875
93
848
394
811
289
129
178
281
245
433
735
65
616
91
103
245
140
173
187
862
141
212
451
389
736
686
947
611
139
171
956
149
506
123
927
813
733
498
70
321
405
355
699
191
529
70
842
934
241
530
911
409
849
4
851
224
764
739
282
952
582
165
841
873
617
288
385
198
77
724
998
274
993
251
590
334
68
347
109
460
87
953
882
139
703
616
634
586
303
993
965
300
87
937
50
225
852
901
561
198
882
515
803
929
991
653
392
228
249
122
209
438
762
20
697
243
509
411
946
679
343
147
216
287
394
316
606
59
73
940
480
232
704
313
368
781
834
181
784
711
297
599
619
425
810
660
147
445
380
745
334
399
409
75
333
42
135
839
784
923
680
721
122
708
644
225
640
587
753
416
254
827
754
748
306
938
309
579
776
133
124
642
377
292
411
39
438
44
534
811
444
31
80
409
759
41
493
885
829
80
115
404
435
978
829
993
388
956
389
440
317
325
367
698
403
103
539
839
188
854
831
775
553
224
938
854
570
828
121
96
751
442
537
977
570
30
151
875
230
732
443
299
580
228
950
73
907
528
262
353
32
428
16
37
435
135
869
53
489
658
138
403
472
576
132
190
476
340
214
680
365
579
966
818
64
663
725
545
797
290
315
550
401
836
348
860
118
567
118
987
259
317
543
484
490
300
91
440
131
214
579
883
651
312
537
709
43
398
767
267
45
241
681
377
644
682
737
875
755
992
418
275
841
793
133
7
248
929
176
204
929
39
821
792
301
829
9
604
833
723
75
200
641
552
751
116
756
591
441
628
157
959
319
14
467
449
411
331
456
77
705
884
618
93
307
854
81
617
123
335
386
907
67
801
416
540
104
42
952
722
437
287
376
212
237
332
913
269
703
584
473
6
625
1
930
717
189
833
5
452
645
736
949
765
246
31
847
722
533
772
309
232
940
985
323
255
422
73
856
770
648
36
845
254
422
1000
609
978
567
153
825
229
223
133
72
730
972
467
682
4
650
802
86
887
164
489
923
814
681
757
695
655
34
717
846
476
604
986
965
482
333
990
261
978
811
819
217
22
654
323
744
783
994
492
650
950
859
251
366
651
110
411
538
752
162
605
665
778
199
911
38
490
910
186
448
20
743
866
517
187
491
311
552
993
284
947
993
428
691
524
109
768
676
473
843
545
678
663
282
245
964
917
515
329
980
866
617
560
98
555
75
318
796
877
747
217
88
67
186
833
528
415
135
350
278
72
851
712
